<?xml version="1.0" encoding="UTF-8"?>
<testsuite xmlns:xsi="http://www.w3.org/2001/XMLSchema-instance" xsi:noNamespaceSchemaLocation="https://maven.apache.org/surefire/maven-surefire-plugin/xsd/surefire-test-report.xsd" version="3.0.2" name="org.example.configserver.ConfigurationServerApplicationTests" time="5.782" tests="1" errors="0" skipped="0" failures="0">
  <properties>
[...]
</properties>
  <testcase name="contextLoads" classname="org.example.configserver.ConfigurationServerApplicationTests" time="0.735">
    <system-out><![CDATA[09:42:12.140 [main] INFO org.springframework.test.context.support.AnnotationConfigContextLoaderUtils -- Could not detect default configuration classes for test class [org.example.configserver.ConfigurationServerApplicationTests]: ConfigurationServerApplicationTests does not declare any static, non-private, non-final, nested classes annotated with @Configuration.
09:42:12.243 [main] INFO org.springframework.boot.test.context.SpringBootTestContextBootstrapper -- Found @SpringBootConfiguration org.example.configserver.ConfigurationServerApplication for test class org.example.configserver.ConfigurationServerApplicationTests

  .   ____          _            __ _ _
 /\\ / ___'_ __ _ _(_)_ __  __ _ \ \ \ \
( ( )\___ | '_ | '_| | '_ \/ _` | \ \ \ \
 \\/  ___)| |_)| | | | | || (_| |  ) ) ) )
  '  |____| .__|_| |_|_| |_\__, | / / / /
 =========|_|==============|___/=/_/_/_/

 :: Spring Boot ::                (v3.4.2)

2025-07-16T09:42:14.000+01:00  INFO 24948 --- [           main] .e.c.ConfigurationServerApplicationTests : Starting ConfigurationServerApplicationTests using Java 17 with PID 24948 (started by LENOVO in D:\IdeaProjects\spring-cloud-intro-demo\config-server)
2025-07-16T09:42:14.002+01:00  INFO 24948 --- [           main] .e.c.ConfigurationServerApplicationTests : No active profile set, falling back to 1 default profile: "default"
2025-07-16T09:42:14.858+01:00  INFO 24948 --- [           main] o.s.cloud.context.scope.GenericScope     : BeanFactory id=8cb06881-607b-3c75-a5de-ccea58a12ddf
2025-07-16T09:42:16.699+01:00  INFO 24948 --- [           main] o.s.cloud.commons.util.InetUtils         : Cannot determine local hostname
2025-07-16T09:42:17.022+01:00  INFO 24948 --- [           main] .e.c.ConfigurationServerApplicationTests : Started ConfigurationServerApplicationTests in 4.496 seconds (process running for 5.516)
]]></system-out>
  </testcase>
</testsuite>